Determining if the pthread_create exist failed with the following output:
Change Dir: /home/eric/workspace/filesystem/build/CMakeFiles/CMakeTmp

Run Build Command:/usr/bin/make "cmTryCompileExec1422934858/fast"
make[1]: Entering directory `/home/eric/workspace/filesystem/build/CMakeFiles/CMakeTmp'
/usr/bin/make -f CMakeFiles/cmTryCompileExec1422934858.dir/build.make CMakeFiles/cmTryCompileExec1422934858.dir/build
make[2]: Entering directory `/home/eric/workspace/filesystem/build/CMakeFiles/CMakeTmp'
/usr/bin/cmake -E cmake_progress_report /home/eric/workspace/filesystem/build/CMakeFiles/CMakeTmp/CMakeFiles 1
Building C object CMakeFiles/cmTryCompileExec1422934858.dir/CheckSymbolExists.c.o
/opt/llvm-tot/bin/clang    -o CMakeFiles/cmTryCompileExec1422934858.dir/CheckSymbolExists.c.o   -c /home/eric/workspace/filesystem/build/CMakeFiles/CMakeTmp/CheckSymbolExists.c
Linking C executable cmTryCompileExec1422934858
/usr/bin/cmake -E cmake_link_script CMakeFiles/cmTryCompileExec1422934858.dir/link.txt --verbose=1
/opt/llvm-tot/bin/clang       CMakeFiles/cmTryCompileExec1422934858.dir/CheckSymbolExists.c.o  -o cmTryCompileExec1422934858 -rdynamic 
CMakeFiles/cmTryCompileExec1422934858.dir/CheckSymbolExists.c.o: In function `main':
/home/eric/workspace/filesystem/build/CMakeFiles/CMakeTmp/CheckSymbolExists.c:(.text+0x19): undefined reference to `pthread_create'
clang-3.6: error: linker command failed with exit code 1 (use -v to see invocation)
make[2]: Leaving directory `/home/eric/workspace/filesystem/build/CMakeFiles/CMakeTmp'
make[2]: *** [cmTryCompileExec1422934858] Error 1
make[1]: Leaving directory `/home/eric/workspace/filesystem/build/CMakeFiles/CMakeTmp'
make[1]: *** [cmTryCompileExec1422934858/fast] Error 2

File /home/eric/workspace/filesystem/build/CMakeFiles/CMakeTmp/CheckSymbolExists.c:
/* */
#include <pthread.h>

int main(int argc, char** argv)
{
  (void)argv;
#ifndef pthread_create
  return ((int*)(&pthread_create))[argc];
#else
  (void)argc;
  return 0;
#endif
}

Determining if the function pthread_create exists in the pthreads failed with the following output:
Change Dir: /home/eric/workspace/filesystem/build/CMakeFiles/CMakeTmp

Run Build Command:/usr/bin/make "cmTryCompileExec1765222234/fast"
make[1]: Entering directory `/home/eric/workspace/filesystem/build/CMakeFiles/CMakeTmp'
/usr/bin/make -f CMakeFiles/cmTryCompileExec1765222234.dir/build.make CMakeFiles/cmTryCompileExec1765222234.dir/build
make[2]: Entering directory `/home/eric/workspace/filesystem/build/CMakeFiles/CMakeTmp'
/usr/bin/cmake -E cmake_progress_report /home/eric/workspace/filesystem/build/CMakeFiles/CMakeTmp/CMakeFiles 1
Building C object CMakeFiles/cmTryCompileExec1765222234.dir/CheckFunctionExists.c.o
/opt/llvm-tot/bin/clang   -DCHECK_FUNCTION_EXISTS=pthread_create   -o CMakeFiles/cmTryCompileExec1765222234.dir/CheckFunctionExists.c.o   -c /usr/share/cmake-2.8/Modules/CheckFunctionExists.c
Linking C executable cmTryCompileExec1765222234
/usr/bin/cmake -E cmake_link_script CMakeFiles/cmTryCompileExec1765222234.dir/link.txt --verbose=1
/opt/llvm-tot/bin/clang   -DCHECK_FUNCTION_EXISTS=pthread_create    CMakeFiles/cmTryCompileExec1765222234.dir/CheckFunctionExists.c.o  -o cmTryCompileExec1765222234 -rdynamic -lpthreads 
/usr/bin/ld: cannot find -lpthreads
clang-3.6: error: linker command failed with exit code 1 (use -v to see invocation)
make[2]: Leaving directory `/home/eric/workspace/filesystem/build/CMakeFiles/CMakeTmp'
make[2]: *** [cmTryCompileExec1765222234] Error 1
make[1]: Leaving directory `/home/eric/workspace/filesystem/build/CMakeFiles/CMakeTmp'
make[1]: *** [cmTryCompileExec1765222234/fast] Error 2


