The system is: Linux - 3.13.0-37-generic - x86_64
Compiling the CXX compiler identification source file "CMakeCXXCompilerId.cpp" succeeded.
Compiler: /opt/llvm-tot/bin/clang++ 
Build flags: 
Id flags: 

The output was:
0


Compilation of the CXX compiler identification source "CMakeCXXCompilerId.cpp" produced "a.out"

The CXX compiler identification is Clang, found in "/home/eric/workspace/filesystem/build/CMakeFiles/2.8.12.2/CompilerIdCXX/a.out"

Compiling the C compiler identification source file "CMakeCCompilerId.c" succeeded.
Compiler: /opt/llvm-tot/bin/clang 
Build flags: 
Id flags: 

The output was:
0


Compilation of the C compiler identification source "CMakeCCompilerId.c" produced "a.out"

The C compiler identification is Clang, found in "/home/eric/workspace/filesystem/build/CMakeFiles/2.8.12.2/CompilerIdC/a.out"

Determining if the CXX compiler works passed with the following output:
Change Dir: /home/eric/workspace/filesystem/build/CMakeFiles/CMakeTmp

Run Build Command:/usr/bin/make "cmTryCompileExec2807089648/fast"
make[1]: Entering directory `/home/eric/workspace/filesystem/build/CMakeFiles/CMakeTmp'
/usr/bin/make -f CMakeFiles/cmTryCompileExec2807089648.dir/build.make CMakeFiles/cmTryCompileExec2807089648.dir/build
make[2]: Entering directory `/home/eric/workspace/filesystem/build/CMakeFiles/CMakeTmp'
/usr/bin/cmake -E cmake_progress_report /home/eric/workspace/filesystem/build/CMakeFiles/CMakeTmp/CMakeFiles 1
Building CXX object CMakeFiles/cmTryCompileExec2807089648.dir/testCXXCompiler.cxx.o
/opt/llvm-tot/bin/clang++     -o CMakeFiles/cmTryCompileExec2807089648.dir/testCXXCompiler.cxx.o -c /home/eric/workspace/filesystem/build/CMakeFiles/CMakeTmp/testCXXCompiler.cxx
Linking CXX executable cmTryCompileExec2807089648
/usr/bin/cmake -E cmake_link_script CMakeFiles/cmTryCompileExec2807089648.dir/link.txt --verbose=1
/opt/llvm-tot/bin/clang++        CMakeFiles/cmTryCompileExec2807089648.dir/testCXXCompiler.cxx.o  -o cmTryCompileExec2807089648 -rdynamic 
make[2]: Leaving directory `/home/eric/workspace/filesystem/build/CMakeFiles/CMakeTmp'
make[1]: Leaving directory `/home/eric/workspace/filesystem/build/CMakeFiles/CMakeTmp'


Detecting CXX compiler ABI info compiled with the following output:
Change Dir: /home/eric/workspace/filesystem/build/CMakeFiles/CMakeTmp

Run Build Command:/usr/bin/make "cmTryCompileExec1189489567/fast"
make[1]: Entering directory `/home/eric/workspace/filesystem/build/CMakeFiles/CMakeTmp'
/usr/bin/make -f CMakeFiles/cmTryCompileExec1189489567.dir/build.make CMakeFiles/cmTryCompileExec1189489567.dir/build
make[2]: Entering directory `/home/eric/workspace/filesystem/build/CMakeFiles/CMakeTmp'
/usr/bin/cmake -E cmake_progress_report /home/eric/workspace/filesystem/build/CMakeFiles/CMakeTmp/CMakeFiles 1
Building CXX object CMakeFiles/cmTryCompileExec1189489567.dir/CMakeCXXCompilerABI.cpp.o
/opt/llvm-tot/bin/clang++     -o CMakeFiles/cmTryCompileExec1189489567.dir/CMakeCXXCompilerABI.cpp.o -c /usr/share/cmake-2.8/Modules/CMakeCXXCompilerABI.cpp
Linking CXX executable cmTryCompileExec1189489567
/usr/bin/cmake -E cmake_link_script CMakeFiles/cmTryCompileExec1189489567.dir/link.txt --verbose=1
/opt/llvm-tot/bin/clang++      -v CMakeFiles/cmTryCompileExec1189489567.dir/CMakeCXXCompilerABI.cpp.o  -o cmTryCompileExec1189489567 -rdynamic  
clang version 3.6.0 
Target: x86_64-unknown-linux-gnu
Thread model: posix
Found candidate GCC installation: /usr/lib/gcc/x86_64-linux-gnu/4.7
Found candidate GCC installation: /usr/lib/gcc/x86_64-linux-gnu/4.7.3
Found candidate GCC installation: /usr/lib/gcc/x86_64-linux-gnu/4.8
Found candidate GCC installation: /usr/lib/gcc/x86_64-linux-gnu/4.8.2
Found candidate GCC installation: /usr/lib/gcc/x86_64-linux-gnu/4.9
Found candidate GCC installation: /usr/lib/gcc/x86_64-linux-gnu/4.9.1
Selected GCC installation: /usr/lib/gcc/x86_64-linux-gnu/4.9
Candidate multilib: .;@m64
Candidate multilib: 32;@m32
Candidate multilib: x32;@mx32
Selected multilib: .;@m64
 "/usr/bin/ld" -export-dynamic -z relro --hash-style=gnu --build-id --eh-frame-hdr -m elf_x86_64 -dynamic-linker /lib64/ld-linux-x86-64.so.2 -o cmTryCompileExec1189489567 /usr/lib/gcc/x86_64-linux-gnu/4.9/../../../x86_64-linux-gnu/crt1.o /usr/lib/gcc/x86_64-linux-gnu/4.9/../../../x86_64-linux-gnu/crti.o /usr/lib/gcc/x86_64-linux-gnu/4.9/crtbegin.o -L/usr/lib/gcc/x86_64-linux-gnu/4.9 -L/usr/lib/gcc/x86_64-linux-gnu/4.9/../../../x86_64-linux-gnu -L/lib/x86_64-linux-gnu -L/lib/../lib64 -L/usr/lib/x86_64-linux-gnu -L/usr/lib/gcc/x86_64-linux-gnu/4.9/../../.. -L/opt/llvm-tot/bin/../lib -L/lib -L/usr/lib CMakeFiles/cmTryCompileExec1189489567.dir/CMakeCXXCompilerABI.cpp.o -lstdc++ -lm -lgcc_s -lgcc -lc -lgcc_s -lgcc /usr/lib/gcc/x86_64-linux-gnu/4.9/crtend.o /usr/lib/gcc/x86_64-linux-gnu/4.9/../../../x86_64-linux-gnu/crtn.o
make[2]: Leaving directory `/home/eric/workspace/filesystem/build/CMakeFiles/CMakeTmp'
make[1]: Leaving directory `/home/eric/workspace/filesystem/build/CMakeFiles/CMakeTmp'


Parsed CXX implicit link information from above output:
  link line regex: [^( *|.*[/\])(ld|([^/\]+-)?ld|collect2)[^/\]*( |$)]
  ignore line: [Change Dir: /home/eric/workspace/filesystem/build/CMakeFiles/CMakeTmp]
  ignore line: []
  ignore line: [Run Build Command:/usr/bin/make "cmTryCompileExec1189489567/fast"]
  ignore line: [make[1]: Entering directory `/home/eric/workspace/filesystem/build/CMakeFiles/CMakeTmp']
  ignore line: [/usr/bin/make -f CMakeFiles/cmTryCompileExec1189489567.dir/build.make CMakeFiles/cmTryCompileExec1189489567.dir/build]
  ignore line: [make[2]: Entering directory `/home/eric/workspace/filesystem/build/CMakeFiles/CMakeTmp']
  ignore line: [/usr/bin/cmake -E cmake_progress_report /home/eric/workspace/filesystem/build/CMakeFiles/CMakeTmp/CMakeFiles 1]
  ignore line: [Building CXX object CMakeFiles/cmTryCompileExec1189489567.dir/CMakeCXXCompilerABI.cpp.o]
  ignore line: [/opt/llvm-tot/bin/clang++     -o CMakeFiles/cmTryCompileExec1189489567.dir/CMakeCXXCompilerABI.cpp.o -c /usr/share/cmake-2.8/Modules/CMakeCXXCompilerABI.cpp]
  ignore line: [Linking CXX executable cmTryCompileExec1189489567]
  ignore line: [/usr/bin/cmake -E cmake_link_script CMakeFiles/cmTryCompileExec1189489567.dir/link.txt --verbose=1]
  ignore line: [/opt/llvm-tot/bin/clang++      -v CMakeFiles/cmTryCompileExec1189489567.dir/CMakeCXXCompilerABI.cpp.o  -o cmTryCompileExec1189489567 -rdynamic  ]
  ignore line: [clang version 3.6.0 ]
  ignore line: [Target: x86_64-unknown-linux-gnu]
  ignore line: [Thread model: posix]
  ignore line: [Found candidate GCC installation: /usr/lib/gcc/x86_64-linux-gnu/4.7]
  ignore line: [Found candidate GCC installation: /usr/lib/gcc/x86_64-linux-gnu/4.7.3]
  ignore line: [Found candidate GCC installation: /usr/lib/gcc/x86_64-linux-gnu/4.8]
  ignore line: [Found candidate GCC installation: /usr/lib/gcc/x86_64-linux-gnu/4.8.2]
  ignore line: [Found candidate GCC installation: /usr/lib/gcc/x86_64-linux-gnu/4.9]
  ignore line: [Found candidate GCC installation: /usr/lib/gcc/x86_64-linux-gnu/4.9.1]
  ignore line: [Selected GCC installation: /usr/lib/gcc/x86_64-linux-gnu/4.9]
  ignore line: [Candidate multilib: .]
  ignore line: [@m64]
  ignore line: [Candidate multilib: 32]
  ignore line: [@m32]
  ignore line: [Candidate multilib: x32]
  ignore line: [@mx32]
  ignore line: [Selected multilib: .]
  ignore line: [@m64]
  link line: [ "/usr/bin/ld" -export-dynamic -z relro --hash-style=gnu --build-id --eh-frame-hdr -m elf_x86_64 -dynamic-linker /lib64/ld-linux-x86-64.so.2 -o cmTryCompileExec1189489567 /usr/lib/gcc/x86_64-linux-gnu/4.9/../../../x86_64-linux-gnu/crt1.o /usr/lib/gcc/x86_64-linux-gnu/4.9/../../../x86_64-linux-gnu/crti.o /usr/lib/gcc/x86_64-linux-gnu/4.9/crtbegin.o -L/usr/lib/gcc/x86_64-linux-gnu/4.9 -L/usr/lib/gcc/x86_64-linux-gnu/4.9/../../../x86_64-linux-gnu -L/lib/x86_64-linux-gnu -L/lib/../lib64 -L/usr/lib/x86_64-linux-gnu -L/usr/lib/gcc/x86_64-linux-gnu/4.9/../../.. -L/opt/llvm-tot/bin/../lib -L/lib -L/usr/lib CMakeFiles/cmTryCompileExec1189489567.dir/CMakeCXXCompilerABI.cpp.o -lstdc++ -lm -lgcc_s -lgcc -lc -lgcc_s -lgcc /usr/lib/gcc/x86_64-linux-gnu/4.9/crtend.o /usr/lib/gcc/x86_64-linux-gnu/4.9/../../../x86_64-linux-gnu/crtn.o]
    arg [/usr/bin/ld] ==> ignore
    arg [-export-dynamic] ==> ignore
    arg [-zrelro] ==> ignore
    arg [--hash-style=gnu] ==> ignore
    arg [--build-id] ==> ignore
    arg [--eh-frame-hdr] ==> ignore
    arg [-m] ==> ignore
    arg [elf_x86_64] ==> ignore
    arg [-dynamic-linker] ==> ignore
    arg [/lib64/ld-linux-x86-64.so.2] ==> ignore
    arg [-o] ==> ignore
    arg [cmTryCompileExec1189489567] ==> ignore
    arg [/usr/lib/gcc/x86_64-linux-gnu/4.9/../../../x86_64-linux-gnu/crt1.o] ==> ignore
    arg [/usr/lib/gcc/x86_64-linux-gnu/4.9/../../../x86_64-linux-gnu/crti.o] ==> ignore
    arg [/usr/lib/gcc/x86_64-linux-gnu/4.9/crtbegin.o] ==> ignore
    arg [-L/usr/lib/gcc/x86_64-linux-gnu/4.9] ==> dir [/usr/lib/gcc/x86_64-linux-gnu/4.9]
    arg [-L/usr/lib/gcc/x86_64-linux-gnu/4.9/../../../x86_64-linux-gnu] ==> dir [/usr/lib/gcc/x86_64-linux-gnu/4.9/../../../x86_64-linux-gnu]
    arg [-L/lib/x86_64-linux-gnu] ==> dir [/lib/x86_64-linux-gnu]
    arg [-L/lib/../lib64] ==> dir [/lib/../lib64]
    arg [-L/usr/lib/x86_64-linux-gnu] ==> dir [/usr/lib/x86_64-linux-gnu]
    arg [-L/usr/lib/gcc/x86_64-linux-gnu/4.9/../../..] ==> dir [/usr/lib/gcc/x86_64-linux-gnu/4.9/../../..]
    arg [-L/opt/llvm-tot/bin/../lib] ==> dir [/opt/llvm-tot/bin/../lib]
    arg [-L/lib] ==> dir [/lib]
    arg [-L/usr/lib] ==> dir [/usr/lib]
    arg [CMakeFiles/cmTryCompileExec1189489567.dir/CMakeCXXCompilerABI.cpp.o] ==> ignore
    arg [-lstdc++] ==> lib [stdc++]
    arg [-lm] ==> lib [m]
    arg [-lgcc_s] ==> lib [gcc_s]
    arg [-lgcc] ==> lib [gcc]
    arg [-lc] ==> lib [c]
    arg [-lgcc_s] ==> lib [gcc_s]
    arg [-lgcc] ==> lib [gcc]
    arg [/usr/lib/gcc/x86_64-linux-gnu/4.9/crtend.o] ==> ignore
    arg [/usr/lib/gcc/x86_64-linux-gnu/4.9/../../../x86_64-linux-gnu/crtn.o] ==> ignore
  remove lib [gcc_s]
  remove lib [gcc]
  remove lib [gcc_s]
  remove lib [gcc]
  collapse library dir [/usr/lib/gcc/x86_64-linux-gnu/4.9] ==> [/usr/lib/gcc/x86_64-linux-gnu/4.9]
  collapse library dir [/usr/lib/gcc/x86_64-linux-gnu/4.9/../../../x86_64-linux-gnu] ==> [/usr/lib/x86_64-linux-gnu]
  collapse library dir [/lib/x86_64-linux-gnu] ==> [/lib/x86_64-linux-gnu]
  collapse library dir [/lib/../lib64] ==> [/lib64]
  collapse library dir [/usr/lib/x86_64-linux-gnu] ==> [/usr/lib/x86_64-linux-gnu]
  collapse library dir [/usr/lib/gcc/x86_64-linux-gnu/4.9/../../..] ==> [/usr/lib]
  collapse library dir [/opt/llvm-tot/bin/../lib] ==> [/opt/llvm-tot/lib]
  collapse library dir [/lib] ==> [/lib]
  collapse library dir [/usr/lib] ==> [/usr/lib]
  implicit libs: [stdc++;m;c]
  implicit dirs: [/usr/lib/gcc/x86_64-linux-gnu/4.9;/usr/lib/x86_64-linux-gnu;/lib/x86_64-linux-gnu;/lib64;/usr/lib;/opt/llvm-tot/lib;/lib]
  implicit fwks: []


Determining if the C compiler works passed with the following output:
Change Dir: /home/eric/workspace/filesystem/build/CMakeFiles/CMakeTmp

Run Build Command:/usr/bin/make "cmTryCompileExec1882820587/fast"
make[1]: Entering directory `/home/eric/workspace/filesystem/build/CMakeFiles/CMakeTmp'
/usr/bin/make -f CMakeFiles/cmTryCompileExec1882820587.dir/build.make CMakeFiles/cmTryCompileExec1882820587.dir/build
make[2]: Entering directory `/home/eric/workspace/filesystem/build/CMakeFiles/CMakeTmp'
/usr/bin/cmake -E cmake_progress_report /home/eric/workspace/filesystem/build/CMakeFiles/CMakeTmp/CMakeFiles 1
Building C object CMakeFiles/cmTryCompileExec1882820587.dir/testCCompiler.c.o
/opt/llvm-tot/bin/clang    -o CMakeFiles/cmTryCompileExec1882820587.dir/testCCompiler.c.o   -c /home/eric/workspace/filesystem/build/CMakeFiles/CMakeTmp/testCCompiler.c
Linking C executable cmTryCompileExec1882820587
/usr/bin/cmake -E cmake_link_script CMakeFiles/cmTryCompileExec1882820587.dir/link.txt --verbose=1
/opt/llvm-tot/bin/clang       CMakeFiles/cmTryCompileExec1882820587.dir/testCCompiler.c.o  -o cmTryCompileExec1882820587 -rdynamic 
make[2]: Leaving directory `/home/eric/workspace/filesystem/build/CMakeFiles/CMakeTmp'
make[1]: Leaving directory `/home/eric/workspace/filesystem/build/CMakeFiles/CMakeTmp'


Detecting C compiler ABI info compiled with the following output:
Change Dir: /home/eric/workspace/filesystem/build/CMakeFiles/CMakeTmp

Run Build Command:/usr/bin/make "cmTryCompileExec1326267591/fast"
make[1]: Entering directory `/home/eric/workspace/filesystem/build/CMakeFiles/CMakeTmp'
/usr/bin/make -f CMakeFiles/cmTryCompileExec1326267591.dir/build.make CMakeFiles/cmTryCompileExec1326267591.dir/build
make[2]: Entering directory `/home/eric/workspace/filesystem/build/CMakeFiles/CMakeTmp'
/usr/bin/cmake -E cmake_progress_report /home/eric/workspace/filesystem/build/CMakeFiles/CMakeTmp/CMakeFiles 1
Building C object CMakeFiles/cmTryCompileExec1326267591.dir/CMakeCCompilerABI.c.o
/opt/llvm-tot/bin/clang    -o CMakeFiles/cmTryCompileExec1326267591.dir/CMakeCCompilerABI.c.o   -c /usr/share/cmake-2.8/Modules/CMakeCCompilerABI.c
Linking C executable cmTryCompileExec1326267591
/usr/bin/cmake -E cmake_link_script CMakeFiles/cmTryCompileExec1326267591.dir/link.txt --verbose=1
/opt/llvm-tot/bin/clang     -v CMakeFiles/cmTryCompileExec1326267591.dir/CMakeCCompilerABI.c.o  -o cmTryCompileExec1326267591 -rdynamic  
clang version 3.6.0 
Target: x86_64-unknown-linux-gnu
Thread model: posix
Found candidate GCC installation: /usr/lib/gcc/x86_64-linux-gnu/4.7
Found candidate GCC installation: /usr/lib/gcc/x86_64-linux-gnu/4.7.3
Found candidate GCC installation: /usr/lib/gcc/x86_64-linux-gnu/4.8
Found candidate GCC installation: /usr/lib/gcc/x86_64-linux-gnu/4.8.2
Found candidate GCC installation: /usr/lib/gcc/x86_64-linux-gnu/4.9
Found candidate GCC installation: /usr/lib/gcc/x86_64-linux-gnu/4.9.1
Selected GCC installation: /usr/lib/gcc/x86_64-linux-gnu/4.9
Candidate multilib: .;@m64
Candidate multilib: 32;@m32
Candidate multilib: x32;@mx32
Selected multilib: .;@m64
 "/usr/bin/ld" -export-dynamic -z relro --hash-style=gnu --build-id --eh-frame-hdr -m elf_x86_64 -dynamic-linker /lib64/ld-linux-x86-64.so.2 -o cmTryCompileExec1326267591 /usr/lib/gcc/x86_64-linux-gnu/4.9/../../../x86_64-linux-gnu/crt1.o /usr/lib/gcc/x86_64-linux-gnu/4.9/../../../x86_64-linux-gnu/crti.o /usr/lib/gcc/x86_64-linux-gnu/4.9/crtbegin.o -L/usr/lib/gcc/x86_64-linux-gnu/4.9 -L/usr/lib/gcc/x86_64-linux-gnu/4.9/../../../x86_64-linux-gnu -L/lib/x86_64-linux-gnu -L/lib/../lib64 -L/usr/lib/x86_64-linux-gnu -L/usr/lib/gcc/x86_64-linux-gnu/4.9/../../.. -L/opt/llvm-tot/bin/../lib -L/lib -L/usr/lib CMakeFiles/cmTryCompileExec1326267591.dir/CMakeCCompilerABI.c.o -lgcc --as-needed -lgcc_s --no-as-needed -lc -lgcc --as-needed -lgcc_s --no-as-needed /usr/lib/gcc/x86_64-linux-gnu/4.9/crtend.o /usr/lib/gcc/x86_64-linux-gnu/4.9/../../../x86_64-linux-gnu/crtn.o
make[2]: Leaving directory `/home/eric/workspace/filesystem/build/CMakeFiles/CMakeTmp'
make[1]: Leaving directory `/home/eric/workspace/filesystem/build/CMakeFiles/CMakeTmp'


Parsed C implicit link information from above output:
  link line regex: [^( *|.*[/\])(ld|([^/\]+-)?ld|collect2)[^/\]*( |$)]
  ignore line: [Change Dir: /home/eric/workspace/filesystem/build/CMakeFiles/CMakeTmp]
  ignore line: []
  ignore line: [Run Build Command:/usr/bin/make "cmTryCompileExec1326267591/fast"]
  ignore line: [make[1]: Entering directory `/home/eric/workspace/filesystem/build/CMakeFiles/CMakeTmp']
  ignore line: [/usr/bin/make -f CMakeFiles/cmTryCompileExec1326267591.dir/build.make CMakeFiles/cmTryCompileExec1326267591.dir/build]
  ignore line: [make[2]: Entering directory `/home/eric/workspace/filesystem/build/CMakeFiles/CMakeTmp']
  ignore line: [/usr/bin/cmake -E cmake_progress_report /home/eric/workspace/filesystem/build/CMakeFiles/CMakeTmp/CMakeFiles 1]
  ignore line: [Building C object CMakeFiles/cmTryCompileExec1326267591.dir/CMakeCCompilerABI.c.o]
  ignore line: [/opt/llvm-tot/bin/clang    -o CMakeFiles/cmTryCompileExec1326267591.dir/CMakeCCompilerABI.c.o   -c /usr/share/cmake-2.8/Modules/CMakeCCompilerABI.c]
  ignore line: [Linking C executable cmTryCompileExec1326267591]
  ignore line: [/usr/bin/cmake -E cmake_link_script CMakeFiles/cmTryCompileExec1326267591.dir/link.txt --verbose=1]
  ignore line: [/opt/llvm-tot/bin/clang     -v CMakeFiles/cmTryCompileExec1326267591.dir/CMakeCCompilerABI.c.o  -o cmTryCompileExec1326267591 -rdynamic  ]
  ignore line: [clang version 3.6.0 ]
  ignore line: [Target: x86_64-unknown-linux-gnu]
  ignore line: [Thread model: posix]
  ignore line: [Found candidate GCC installation: /usr/lib/gcc/x86_64-linux-gnu/4.7]
  ignore line: [Found candidate GCC installation: /usr/lib/gcc/x86_64-linux-gnu/4.7.3]
  ignore line: [Found candidate GCC installation: /usr/lib/gcc/x86_64-linux-gnu/4.8]
  ignore line: [Found candidate GCC installation: /usr/lib/gcc/x86_64-linux-gnu/4.8.2]
  ignore line: [Found candidate GCC installation: /usr/lib/gcc/x86_64-linux-gnu/4.9]
  ignore line: [Found candidate GCC installation: /usr/lib/gcc/x86_64-linux-gnu/4.9.1]
  ignore line: [Selected GCC installation: /usr/lib/gcc/x86_64-linux-gnu/4.9]
  ignore line: [Candidate multilib: .]
  ignore line: [@m64]
  ignore line: [Candidate multilib: 32]
  ignore line: [@m32]
  ignore line: [Candidate multilib: x32]
  ignore line: [@mx32]
  ignore line: [Selected multilib: .]
  ignore line: [@m64]
  link line: [ "/usr/bin/ld" -export-dynamic -z relro --hash-style=gnu --build-id --eh-frame-hdr -m elf_x86_64 -dynamic-linker /lib64/ld-linux-x86-64.so.2 -o cmTryCompileExec1326267591 /usr/lib/gcc/x86_64-linux-gnu/4.9/../../../x86_64-linux-gnu/crt1.o /usr/lib/gcc/x86_64-linux-gnu/4.9/../../../x86_64-linux-gnu/crti.o /usr/lib/gcc/x86_64-linux-gnu/4.9/crtbegin.o -L/usr/lib/gcc/x86_64-linux-gnu/4.9 -L/usr/lib/gcc/x86_64-linux-gnu/4.9/../../../x86_64-linux-gnu -L/lib/x86_64-linux-gnu -L/lib/../lib64 -L/usr/lib/x86_64-linux-gnu -L/usr/lib/gcc/x86_64-linux-gnu/4.9/../../.. -L/opt/llvm-tot/bin/../lib -L/lib -L/usr/lib CMakeFiles/cmTryCompileExec1326267591.dir/CMakeCCompilerABI.c.o -lgcc --as-needed -lgcc_s --no-as-needed -lc -lgcc --as-needed -lgcc_s --no-as-needed /usr/lib/gcc/x86_64-linux-gnu/4.9/crtend.o /usr/lib/gcc/x86_64-linux-gnu/4.9/../../../x86_64-linux-gnu/crtn.o]
    arg [/usr/bin/ld] ==> ignore
    arg [-export-dynamic] ==> ignore
    arg [-zrelro] ==> ignore
    arg [--hash-style=gnu] ==> ignore
    arg [--build-id] ==> ignore
    arg [--eh-frame-hdr] ==> ignore
    arg [-m] ==> ignore
    arg [elf_x86_64] ==> ignore
    arg [-dynamic-linker] ==> ignore
    arg [/lib64/ld-linux-x86-64.so.2] ==> ignore
    arg [-o] ==> ignore
    arg [cmTryCompileExec1326267591] ==> ignore
    arg [/usr/lib/gcc/x86_64-linux-gnu/4.9/../../../x86_64-linux-gnu/crt1.o] ==> ignore
    arg [/usr/lib/gcc/x86_64-linux-gnu/4.9/../../../x86_64-linux-gnu/crti.o] ==> ignore
    arg [/usr/lib/gcc/x86_64-linux-gnu/4.9/crtbegin.o] ==> ignore
    arg [-L/usr/lib/gcc/x86_64-linux-gnu/4.9] ==> dir [/usr/lib/gcc/x86_64-linux-gnu/4.9]
    arg [-L/usr/lib/gcc/x86_64-linux-gnu/4.9/../../../x86_64-linux-gnu] ==> dir [/usr/lib/gcc/x86_64-linux-gnu/4.9/../../../x86_64-linux-gnu]
    arg [-L/lib/x86_64-linux-gnu] ==> dir [/lib/x86_64-linux-gnu]
    arg [-L/lib/../lib64] ==> dir [/lib/../lib64]
    arg [-L/usr/lib/x86_64-linux-gnu] ==> dir [/usr/lib/x86_64-linux-gnu]
    arg [-L/usr/lib/gcc/x86_64-linux-gnu/4.9/../../..] ==> dir [/usr/lib/gcc/x86_64-linux-gnu/4.9/../../..]
    arg [-L/opt/llvm-tot/bin/../lib] ==> dir [/opt/llvm-tot/bin/../lib]
    arg [-L/lib] ==> dir [/lib]
    arg [-L/usr/lib] ==> dir [/usr/lib]
    arg [CMakeFiles/cmTryCompileExec1326267591.dir/CMakeCCompilerABI.c.o] ==> ignore
    arg [-lgcc] ==> lib [gcc]
    arg [--as-needed] ==> ignore
    arg [-lgcc_s] ==> lib [gcc_s]
    arg [--no-as-needed] ==> ignore
    arg [-lc] ==> lib [c]
    arg [-lgcc] ==> lib [gcc]
    arg [--as-needed] ==> ignore
    arg [-lgcc_s] ==> lib [gcc_s]
    arg [--no-as-needed] ==> ignore
    arg [/usr/lib/gcc/x86_64-linux-gnu/4.9/crtend.o] ==> ignore
    arg [/usr/lib/gcc/x86_64-linux-gnu/4.9/../../../x86_64-linux-gnu/crtn.o] ==> ignore
  remove lib [gcc]
  remove lib [gcc_s]
  remove lib [gcc]
  remove lib [gcc_s]
  collapse library dir [/usr/lib/gcc/x86_64-linux-gnu/4.9] ==> [/usr/lib/gcc/x86_64-linux-gnu/4.9]
  collapse library dir [/usr/lib/gcc/x86_64-linux-gnu/4.9/../../../x86_64-linux-gnu] ==> [/usr/lib/x86_64-linux-gnu]
  collapse library dir [/lib/x86_64-linux-gnu] ==> [/lib/x86_64-linux-gnu]
  collapse library dir [/lib/../lib64] ==> [/lib64]
  collapse library dir [/usr/lib/x86_64-linux-gnu] ==> [/usr/lib/x86_64-linux-gnu]
  collapse library dir [/usr/lib/gcc/x86_64-linux-gnu/4.9/../../..] ==> [/usr/lib]
  collapse library dir [/opt/llvm-tot/bin/../lib] ==> [/opt/llvm-tot/lib]
  collapse library dir [/lib] ==> [/lib]
  collapse library dir [/usr/lib] ==> [/usr/lib]
  implicit libs: [c]
  implicit dirs: [/usr/lib/gcc/x86_64-linux-gnu/4.9;/usr/lib/x86_64-linux-gnu;/lib/x86_64-linux-gnu;/lib64;/usr/lib;/opt/llvm-tot/lib;/lib]
  implicit fwks: []


Determining if files pthread.h exist passed with the following output:
Change Dir: /home/eric/workspace/filesystem/build/CMakeFiles/CMakeTmp

Run Build Command:/usr/bin/make "cmTryCompileExec1067295698/fast"
make[1]: Entering directory `/home/eric/workspace/filesystem/build/CMakeFiles/CMakeTmp'
/usr/bin/make -f CMakeFiles/cmTryCompileExec1067295698.dir/build.make CMakeFiles/cmTryCompileExec1067295698.dir/build
make[2]: Entering directory `/home/eric/workspace/filesystem/build/CMakeFiles/CMakeTmp'
/usr/bin/cmake -E cmake_progress_report /home/eric/workspace/filesystem/build/CMakeFiles/CMakeTmp/CMakeFiles 1
Building C object CMakeFiles/cmTryCompileExec1067295698.dir/CheckIncludeFiles.c.o
/opt/llvm-tot/bin/clang    -o CMakeFiles/cmTryCompileExec1067295698.dir/CheckIncludeFiles.c.o   -c /home/eric/workspace/filesystem/build/CMakeFiles/CMakeTmp/CheckIncludeFiles.c
Linking C executable cmTryCompileExec1067295698
/usr/bin/cmake -E cmake_link_script CMakeFiles/cmTryCompileExec1067295698.dir/link.txt --verbose=1
/opt/llvm-tot/bin/clang       CMakeFiles/cmTryCompileExec1067295698.dir/CheckIncludeFiles.c.o  -o cmTryCompileExec1067295698 -rdynamic 
make[2]: Leaving directory `/home/eric/workspace/filesystem/build/CMakeFiles/CMakeTmp'
make[1]: Leaving directory `/home/eric/workspace/filesystem/build/CMakeFiles/CMakeTmp'


Determining if the function pthread_create exists in the pthread passed with the following output:
Change Dir: /home/eric/workspace/filesystem/build/CMakeFiles/CMakeTmp

Run Build Command:/usr/bin/make "cmTryCompileExec2592589573/fast"
make[1]: Entering directory `/home/eric/workspace/filesystem/build/CMakeFiles/CMakeTmp'
/usr/bin/make -f CMakeFiles/cmTryCompileExec2592589573.dir/build.make CMakeFiles/cmTryCompileExec2592589573.dir/build
make[2]: Entering directory `/home/eric/workspace/filesystem/build/CMakeFiles/CMakeTmp'
/usr/bin/cmake -E cmake_progress_report /home/eric/workspace/filesystem/build/CMakeFiles/CMakeTmp/CMakeFiles 1
Building C object CMakeFiles/cmTryCompileExec2592589573.dir/CheckFunctionExists.c.o
/opt/llvm-tot/bin/clang   -DCHECK_FUNCTION_EXISTS=pthread_create   -o CMakeFiles/cmTryCompileExec2592589573.dir/CheckFunctionExists.c.o   -c /usr/share/cmake-2.8/Modules/CheckFunctionExists.c
Linking C executable cmTryCompileExec2592589573
/usr/bin/cmake -E cmake_link_script CMakeFiles/cmTryCompileExec2592589573.dir/link.txt --verbose=1
/opt/llvm-tot/bin/clang   -DCHECK_FUNCTION_EXISTS=pthread_create    CMakeFiles/cmTryCompileExec2592589573.dir/CheckFunctionExists.c.o  -o cmTryCompileExec2592589573 -rdynamic -lpthread 
make[2]: Leaving directory `/home/eric/workspace/filesystem/build/CMakeFiles/CMakeTmp'
make[1]: Leaving directory `/home/eric/workspace/filesystem/build/CMakeFiles/CMakeTmp'


